Build started 2025. 06. 03. 16:27:50.
     1>Project "G:\FlyMu\FlyMu\szerver source\JoinServer\JoinServer\JoinServer.vcxproj" on node 2 (build target(s)).
     1>InitializeBuildStatus:
         Touching "Release\JoinServer_EX603\JoinServer.unsuccessfulbuild".
       ClCompile:
         All outputs are up-to-date.
         A:\Program Files (x86)\Microsoft Visual Studio 10.0\VC\bin\CL.exe /c /Zi /nologo /W3 /WX- /O2 /Oi /Oy- /GL /D WIN32 /D NDEBUG /D _WINDOWS /D JOINSERVER_UPDATE=603 /D _MBCS /Gm- /EHsc /MD /GS /Gy /fp:precise /Zc:wchar_t /Zc:forScope /Yu"StdAfx.h" /Fp"Release\JoinServer_EX603\JoinServer.pch" /Fo"Release\JoinServer_EX603\\" /Fd"Release\JoinServer_EX603\vc100.pdb" /Gd /TP /analyze- /errorReport:prompt JoinServerProtocol.cpp
         JoinServerProtocol.cpp
     1>JoinServerProtocol.cpp(161): warning C4996: 'strncpy': This function or variable may be unsafe. Consider using strncpy_s instead. To disable deprecation, use _CRT_SECURE_NO_WARNINGS. See online help for details.
                 A:\Program Files (x86)\Microsoft Visual Studio 10.0\VC\include\string.h(188) : see declaration of 'strncpy'
       ResourceCompile:
         All outputs are up-to-date.
       Link:
         A:\Program Files (x86)\Microsoft Visual Studio 10.0\VC\bin\link.exe /ERRORREPORT:PROMPT /OUT:"G:\FlyMu\FlyMu\szerver source\JoinServer\Release\JoinServer_EX603\JoinServer.exe" /INCREMENTAL:NO /NOLOGO kernel32.lib user32.lib gdi32.lib winspool.lib comdlg32.lib advapi32.lib shell32.lib ole32.lib oleaut32.lib uuid.lib odbc32.lib odbccp32.lib /MANIFEST /ManifestFile:"Release\JoinServer_EX603\JoinServer.exe.intermediate.manifest" /MANIFESTUAC:"level='asInvoker' uiAccess='false'" /DEBUG /PDB:"G:\FlyMu\FlyMu\szerver source\JoinServer\Release\JoinServer_EX603\JoinServer.pdb" /SUBSYSTEM:WINDOWS /OPT:REF /OPT:ICF /LTCG /TLBID:1 /DYNAMICBASE /NXCOMPAT /IMPLIB:"G:\FlyMu\FlyMu\szerver source\JoinServer\Release\JoinServer_EX603\JoinServer.lib" /MACHINE:X86 Release\JoinServer_EX603\JoinServer.res
         Release\JoinServer_EX603\CCRC32.obj
         Release\JoinServer_EX603\MD5.obj
         Release\JoinServer_EX603\AccountManager.obj
         Release\JoinServer_EX603\AllowableIpList.obj
         Release\JoinServer_EX603\CriticalSection.obj
         Release\JoinServer_EX603\JoinServer.obj
         Release\JoinServer_EX603\JoinServerProtocol.obj
         Release\JoinServer_EX603\Log.obj
         Release\JoinServer_EX603\MemScript.obj
         Release\JoinServer_EX603\MiniDump.obj
         Release\JoinServer_EX603\Protect.obj
         Release\JoinServer_EX603\QueryManager.obj
         Release\JoinServer_EX603\Queue.obj
         Release\JoinServer_EX603\ServerDisplayer.obj
         Release\JoinServer_EX603\ServerManager.obj
         Release\JoinServer_EX603\SocketManager.obj
         Release\JoinServer_EX603\SocketManagerUdp.obj
         Release\JoinServer_EX603\stdafx.obj
         Release\JoinServer_EX603\Util.obj
         Generating code
         Finished generating code
         JoinServer.vcxproj -> G:\FlyMu\FlyMu\szerver source\JoinServer\Release\JoinServer_EX603\JoinServer.exe
       Manifest:
         C:\Program Files (x86)\Microsoft SDKs\Windows\v7.0A\bin\mt.exe /nologo /verbose /outputresource:"G:\FlyMu\FlyMu\szerver source\JoinServer\Release\JoinServer_EX603\JoinServer.exe;#1" /manifest Release\JoinServer_EX603\JoinServer.exe.intermediate.manifest
       FinalizeBuildStatus:
         Deleting file "Release\JoinServer_EX603\JoinServer.unsuccessfulbuild".
         Touching "Release\JoinServer_EX603\JoinServer.lastbuildstate".
     1>Done Building Project "G:\FlyMu\FlyMu\szerver source\JoinServer\JoinServer\JoinServer.vcxproj" (build target(s)).

Build succeeded.

Time Elapsed 00:00:01.25
