Compilación iniciada a las 19/11/2021 20:07:03.
     1>Proyecto "D:\1 DE TODO\SOURCES\SOURCES MAXVOLL\SOURCE_V6\MAIN_ULTIMO\Main\Main.vcxproj" en el nodo 2 (build destinos).
     1>PrepareForBuild:
         Creando directorio "D:\1 DE TODO\SOURCES\SOURCES MAXVOLL\SOURCE_V6\MAIN_ULTIMO\Release\".
       InitializeBuildStatus:
         Se creará "Release\Main.unsuccessfulbuild" porque se especificó "AlwaysCreate".
       ClCompile:
         C:\Program Files (x86)\Microsoft Visual Studio 10.0\VC\bin\CL.exe /c /Zi /nologo /W0 /WX- /O2 /Oi /Oy- /GL /D WIN32 /D NDEBUG /D _WINDOWS /D _USRDLL /D MAIN_EXPORTS /D _WINDLL /D _MBCS /Gm- /EHsc /MD /GS /Gy /fp:precise /Zc:wchar_t /Zc:forScope /Yc"StdAfx.h" /Fp"Release\Main.pch" /Fo"Release\\" /Fd"Release\vc100.pdb" /Gd /TP /analyze- /errorReport:prompt stdafx.cpp
         stdafx.cpp
         C:\Program Files (x86)\Microsoft Visual Studio 10.0\VC\bin\CL.exe /c /Zi /nologo /W0 /WX- /O2 /Oi /Oy- /GL /D WIN32 /D NDEBUG /D _WINDOWS /D _USRDLL /D MAIN_EXPORTS /D _WINDLL /D _MBCS /Gm- /EHsc /MD /GS /Gy /fp:precise /Zc:wchar_t /Zc:forScope /Yu"StdAfx.h" /Fp"Release\Main.pch" /Fo"Release\\" /Fd"Release\vc100.pdb" /Gd /TP /analyze- /errorReport:prompt ..\..\Util\CCRC32.Cpp Achievements.cpp Antilag.cpp BuffIcon.cpp Camera.cpp cape.cpp CChatClassic.cpp CChatEx.cpp cCPetRenderMesh.cpp Central.cpp ChangeClass.cpp ChatExpanded.cpp CMacroUIEx.cpp Common.cpp Connection.cpp ConnectServer.cpp Controller.cpp CriticalSection.cpp CSCharacterS13.cpp CSmithItem.cpp CustomBow.cpp CustomBuyVip.cpp CustomCloak.cpp CustomCommandInfo.cpp CustomEffectRemake.cpp CustomEventTime.cpp CustomFog.cpp CustomFont.cpp CustomGloves.cpp CustomPetEffect.cpp GetBarChat.cpp GLFont.cpp GrandResetSystem.cpp InfoLog.cpp CustomItem.cpp Inter3.cpp ItemManager.cpp ItemTooltip.cpp ItemTRSData.cpp CustomItemPrice.cpp CustomJewel.cpp CustomMap.cpp CustomMessage.cpp CustomMonster.cpp CustomMonsterGlow.cpp CustomNpcName.cpp CustomPet.cpp CustomRankUser.cpp CustomWing.cpp DynamicEffect.cpp Fix.cpp HackCheck.cpp HealthBar.cpp InterEx.cpp Interface.cpp Item.cpp ItemInfoEx.cpp ItemRemake.cpp ItemShopValue.cpp ItemSmoke.cpp JewelryBank.cpp LargeRand.cpp LuckyWheel.cpp Main.cpp MasterSkillPoint.cpp MemScript.cpp MiniMap.cpp MiniMapInfo.cpp ModelEffect.cpp MonsterEffect.cpp MonsterGlow.cpp MonsterHpBar.cpp MuHelper.cpp MultiSelect.cpp NoShadow.cpp OffTrade.cpp OptionBox.cpp PacketManager.cpp PartyBar.cpp PartyBuffs.cpp PartySearch.cpp PartySearchSettings.cpp Pet.cpp PetHook.cpp PetMontura.cpp PetProtocol.cpp PetTooltip.cpp postInterface.cpp post_item.cpp PrintPlayer.cpp proah.cpp Protect.cpp Protocol.cpp Radar.cpp Ranking.cpp RankingEx.cpp Reconnect.cpp RenderSkillDarkhorse.cpp ResetSystem.cpp ResetSystemPanel.cpp Resolution.cpp Ruud.cpp SceneCreate.cpp SelectChar.cpp ServerInfo.cpp SetEffect.cpp ShopSearch.cpp SItemOption.cpp MasterSkill.cpp SmithItem.cpp StaticEffect.cpp StatsAdvance.cpp SwitchServer.cpp test.cpp TMemory.cpp ToolKit.cpp TrayModeNew.cpp User.cpp Util.cpp ware.cpp WindowsQuest.cpp WindowsStruct.cpp zzzmathlib.cpp
         CCRC32.Cpp
         Achievements.cpp
         Antilag.cpp
         BuffIcon.cpp
         Camera.cpp
         cape.cpp
         CChatClassic.cpp
         CChatEx.cpp
         cCPetRenderMesh.cpp
         Central.cpp
         ChangeClass.cpp
         ChatExpanded.cpp
         CMacroUIEx.cpp
         Common.cpp
         Connection.cpp
         ConnectServer.cpp
         Controller.cpp
         CriticalSection.cpp
         CSCharacterS13.cpp
         CSmithItem.cpp
         Compilando...
         CustomBow.cpp
         CustomBuyVip.cpp
         CustomCloak.cpp
         CustomCommandInfo.cpp
         CustomEffectRemake.cpp
         CustomEventTime.cpp
         CustomFog.cpp
         CustomFont.cpp
         CustomGloves.cpp
         CustomPetEffect.cpp
         GetBarChat.cpp
         GLFont.cpp
         GrandResetSystem.cpp
         InfoLog.cpp
         CustomItem.cpp
         Inter3.cpp
         ItemManager.cpp
         ItemTooltip.cpp
         ItemTRSData.cpp
         CustomItemPrice.cpp
         Compilando...
         CustomJewel.cpp
         CustomMap.cpp
         CustomMessage.cpp
         CustomMonster.cpp
         CustomMonsterGlow.cpp
         CustomNpcName.cpp
         CustomPet.cpp
         CustomRankUser.cpp
         CustomWing.cpp
         DynamicEffect.cpp
         Fix.cpp
         HackCheck.cpp
         HealthBar.cpp
         InterEx.cpp
         Interface.cpp
         Item.cpp
         ItemInfoEx.cpp
         ItemRemake.cpp
         ItemShopValue.cpp
         ItemSmoke.cpp
         Compilando...
         JewelryBank.cpp
         LargeRand.cpp
         LuckyWheel.cpp
         Main.cpp
         MasterSkillPoint.cpp
         MemScript.cpp
         MiniMap.cpp
         MiniMapInfo.cpp
         ModelEffect.cpp
         MonsterEffect.cpp
         MonsterGlow.cpp
         MonsterHpBar.cpp
         MuHelper.cpp
         MultiSelect.cpp
         NoShadow.cpp
         OffTrade.cpp
         OptionBox.cpp
         PacketManager.cpp
         PartyBar.cpp
         PartyBuffs.cpp
         Compilando...
         PartySearch.cpp
         PartySearchSettings.cpp
         Pet.cpp
         PetHook.cpp
         PetMontura.cpp
         PetProtocol.cpp
         PetTooltip.cpp
         postInterface.cpp
         post_item.cpp
         PrintPlayer.cpp
         proah.cpp
         Protect.cpp
         Protocol.cpp
         Radar.cpp
         Ranking.cpp
         RankingEx.cpp
         Reconnect.cpp
         RenderSkillDarkhorse.cpp
         ResetSystem.cpp
         ResetSystemPanel.cpp
         Compilando...
         Resolution.cpp
         Ruud.cpp
         SceneCreate.cpp
         SelectChar.cpp
         ServerInfo.cpp
         SetEffect.cpp
         ShopSearch.cpp
         SItemOption.cpp
         MasterSkill.cpp
         SmithItem.cpp
         StaticEffect.cpp
         StatsAdvance.cpp
         SwitchServer.cpp
         test.cpp
         TMemory.cpp
         ToolKit.cpp
         TrayModeNew.cpp
         User.cpp
         Util.cpp
         ware.cpp
         Compilando...
         WindowsQuest.cpp
         WindowsStruct.cpp
         zzzmathlib.cpp
       ResourceCompile:
         C:\Program Files (x86)\Microsoft SDKs\Windows\v7.0A\bin\rc.exe /l"0x0409" /nologo /fo"Release\Main.res" Main.rc 
       Link:
         C:\Program Files (x86)\Microsoft Visual Studio 10.0\VC\bin\link.exe /ERRORREPORT:PROMPT /OUT:"D:\1 DE TODO\SOURCES\SOURCES MAXVOLL\SOURCE_V6\MAIN_ULTIMO\Release\Main.dll" /INCREMENTAL:NO /NOLOGO kernel32.lib user32.lib gdi32.lib winspool.lib comdlg32.lib advapi32.lib shell32.lib ole32.lib oleaut32.lib uuid.lib odbc32.lib odbccp32.lib /MANIFEST /ManifestFile:"Release\Main.dll.intermediate.manifest" /MANIFESTUAC:"level='asInvoker' uiAccess='false'" /DEBUG /PDB:"D:\1 DE TODO\SOURCES\SOURCES MAXVOLL\SOURCE_V6\MAIN_ULTIMO\Release\Main.pdb" /SUBSYSTEM:WINDOWS /OPT:REF /OPT:ICF /LTCG /TLBID:1 /DYNAMICBASE /NXCOMPAT /IMPLIB:"D:\1 DE TODO\SOURCES\SOURCES MAXVOLL\SOURCE_V6\MAIN_ULTIMO\Release\Main.lib" /MACHINE:X86 /DLL Release\Main.res
         Release\CCRC32.obj
         Release\Achievements.obj
         Release\Antilag.obj
         Release\BuffIcon.obj
         Release\Camera.obj
         Release\cape.obj
         Release\CChatClassic.obj
         Release\CChatEx.obj
         Release\cCPetRenderMesh.obj
         Release\Central.obj
         Release\ChangeClass.obj
         Release\ChatExpanded.obj
         Release\CMacroUIEx.obj
         Release\Common.obj
         Release\Connection.obj
         Release\ConnectServer.obj
         Release\Controller.obj
         Release\CriticalSection.obj
         Release\CSCharacterS13.obj
         Release\CSmithItem.obj
         Release\CustomBow.obj
         Release\CustomBuyVip.obj
         Release\CustomCloak.obj
         Release\CustomCommandInfo.obj
         Release\CustomEffectRemake.obj
         Release\CustomEventTime.obj
         Release\CustomFog.obj
         Release\CustomFont.obj
         Release\CustomGloves.obj
         Release\CustomPetEffect.obj
         Release\GetBarChat.obj
         Release\GLFont.obj
         Release\GrandResetSystem.obj
         Release\InfoLog.obj
         Release\CustomItem.obj
         Release\Inter3.obj
         Release\ItemManager.obj
         Release\ItemTooltip.obj
         Release\ItemTRSData.obj
         Release\CustomItemPrice.obj
         Release\CustomJewel.obj
         Release\CustomMap.obj
         Release\CustomMessage.obj
         Release\CustomMonster.obj
         Release\CustomMonsterGlow.obj
         Release\CustomNpcName.obj
         Release\CustomPet.obj
         Release\CustomRankUser.obj
         Release\CustomWing.obj
         Release\DynamicEffect.obj
         Release\Fix.obj
         Release\HackCheck.obj
         Release\HealthBar.obj
         Release\InterEx.obj
         Release\Interface.obj
         Release\Item.obj
         Release\ItemInfoEx.obj
         Release\ItemRemake.obj
         Release\ItemShopValue.obj
         Release\ItemSmoke.obj
         Release\JewelryBank.obj
         Release\LargeRand.obj
         Release\LuckyWheel.obj
         Release\Main.obj
         Release\MasterSkillPoint.obj
         Release\MemScript.obj
         Release\MiniMap.obj
         Release\MiniMapInfo.obj
         Release\ModelEffect.obj
         Release\MonsterEffect.obj
         Release\MonsterGlow.obj
         Release\MonsterHpBar.obj
         Release\MuHelper.obj
         Release\MultiSelect.obj
         Release\NoShadow.obj
         Release\OffTrade.obj
         Release\OptionBox.obj
         Release\PacketManager.obj
         Release\PartyBar.obj
         Release\PartyBuffs.obj
         Release\PartySearch.obj
         Release\PartySearchSettings.obj
         Release\Pet.obj
         Release\PetHook.obj
         Release\PetMontura.obj
         Release\PetProtocol.obj
         Release\PetTooltip.obj
         Release\postInterface.obj
         Release\post_item.obj
         Release\PrintPlayer.obj
         Release\proah.obj
         Release\Protect.obj
         Release\Protocol.obj
         Release\Radar.obj
         Release\Ranking.obj
         Release\RankingEx.obj
         Release\Reconnect.obj
         Release\RenderSkillDarkhorse.obj
         Release\ResetSystem.obj
         Release\ResetSystemPanel.obj
         Release\Resolution.obj
         Release\Ruud.obj
         Release\SceneCreate.obj
         Release\SelectChar.obj
         Release\ServerInfo.obj
         Release\SetEffect.obj
         Release\ShopSearch.obj
         Release\SItemOption.obj
         Release\MasterSkill.obj
         Release\SmithItem.obj
         Release\StaticEffect.obj
         Release\StatsAdvance.obj
         Release\stdafx.obj
         Release\SwitchServer.obj
         Release\test.obj
         Release\TMemory.obj
         Release\ToolKit.obj
         Release\TrayModeNew.obj
         Release\User.obj
         Release\Util.obj
         Release\ware.obj
         Release\WindowsQuest.obj
         Release\WindowsStruct.obj
         Release\zzzmathlib.obj
            Creando biblioteca D:\1 DE TODO\SOURCES\SOURCES MAXVOLL\SOURCE_V6\MAIN_ULTIMO\Release\Main.lib y objeto D:\1 DE TODO\SOURCES\SOURCES MAXVOLL\SOURCE_V6\MAIN_ULTIMO\Release\Main.exp
         Generando código
         Generación de código finalizada
     1>detours.lib(detours.obj) : warning LNK4099: no se encontró PDB 'detours.pdb' con 'detours.lib(detours.obj)' o en 'D:\1 DE TODO\SOURCES\SOURCES MAXVOLL\SOURCE_V6\MAIN_ULTIMO\Release\detours.pdb'; se vinculará el objeto sin tener en cuenta información de depuración
     1>detours.lib(disasm.obj) : warning LNK4099: no se encontró PDB 'detours.pdb' con 'detours.lib(disasm.obj)' o en 'D:\1 DE TODO\SOURCES\SOURCES MAXVOLL\SOURCE_V6\MAIN_ULTIMO\Release\detours.pdb'; se vinculará el objeto sin tener en cuenta información de depuración
         Main.vcxproj -> D:\1 DE TODO\SOURCES\SOURCES MAXVOLL\SOURCE_V6\MAIN_ULTIMO\Release\Main.dll
       Manifest:
         C:\Program Files (x86)\Microsoft SDKs\Windows\v7.0A\bin\mt.exe /nologo /verbose /outputresource:"D:\1 DE TODO\SOURCES\SOURCES MAXVOLL\SOURCE_V6\MAIN_ULTIMO\Release\Main.dll;#2" /manifest Release\Main.dll.intermediate.manifest
       FinalizeBuildStatus:
         Se eliminará el archivo "Release\Main.unsuccessfulbuild".
         Aplicando tarea Touch a "Release\Main.lastbuildstate".
     1>Compilación del proyecto terminada "D:\1 DE TODO\SOURCES\SOURCES MAXVOLL\SOURCE_V6\MAIN_ULTIMO\Main\Main.vcxproj" (build destinos).

Compilación correcta.

Tiempo transcurrido 00:00:19.18
