Compilación iniciada a las 19/11/2021 20:08:13.
     1>Proyecto "D:\1 DE TODO\SOURCES\SOURCES MAXVOLL\SOURCE_V6\MAIN_INFO\EncryptBMD\EncryptBMD.vcxproj" en el nodo 2 (Build destinos).
     1>C:\Program Files (x86)\MSBuild\Microsoft.Cpp\v4.0\Microsoft.CppBuild.targets(299,5): warning MSB8004: El directorio Output no termina con una barra diagonal final. Esta instancia de compilación agregará la barra diagonal porque es necesaria para que se pueda evaluar correctamente el directorio Output.
     1>ClCompile:
         C:\Program Files (x86)\Microsoft Visual Studio 10.0\VC\bin\CL.exe /c /Zi /nologo /W3 /WX- /O2 /Oi /Oy- /GL /D WIN32 /D NDEBUG /D _CONSOLE /D GAMESERVER_PREMIUM=1 /D _MBCS /Gm- /EHsc /MT /GS /Gy /fp:precise /Zc:wchar_t /Zc:forScope /Yc"StdAfx.h" /Fp"PREMIUM\EncryptBMD.pch" /Fo"PREMIUM\\" /Fd"PREMIUM\vc100.pdb" /Gd /TP /analyze- /errorReport:prompt stdafx.cpp
         stdafx.cpp
         C:\Program Files (x86)\Microsoft Visual Studio 10.0\VC\bin\CL.exe /c /Zi /nologo /W3 /WX- /O2 /Oi /Oy- /GL /D WIN32 /D NDEBUG /D _CONSOLE /D GAMESERVER_PREMIUM=1 /D _MBCS /Gm- /EHsc /MT /GS /Gy /fp:precise /Zc:wchar_t /Zc:forScope /Yu"StdAfx.h" /Fp"PREMIUM\EncryptBMD.pch" /Fo"PREMIUM\\" /Fd"PREMIUM\vc100.pdb" /Gd /TP /analyze- /errorReport:prompt ..\..\Util\CCRC32.Cpp cCPetRenderMesh.cpp CSmithItem.cpp CustomBuyVip.cpp CustomCloak.cpp CustomCommandInfo.cpp CustomCrossBow.cpp CustomEffectDynamic.cpp CustomEffectRemake.cpp CustomEventTimeText.cpp CustomGloves.cpp CustomItem.cpp CustomItemPosition.cpp CustomJewel.cpp CustomMessage.cpp CustomMonster.cpp CustomMonsterGlow.cpp CustomNpcName.cpp CustomPet.cpp CustomPetEffect.cpp CustomWing.cpp CustomWIngEffect.cpp EarthQuake.cpp EncryptBMD.cpp Fog.cpp InfoLog.cpp ItemManager.cpp ItemTooltip.cpp ItemValue.cpp LuckyWheel.cpp MemScript.cpp ModelEffect.cpp MonsterEffect.cpp MonsterHpBar.cpp MultiSelect.cpp NoShadow.cpp SmokeEffect.cpp tooltipbuff.cpp
         CCRC32.Cpp
         cCPetRenderMesh.cpp
         CSmithItem.cpp
         CustomBuyVip.cpp
         CustomCloak.cpp
         CustomCommandInfo.cpp
         CustomCrossBow.cpp
         CustomEffectDynamic.cpp
         CustomEffectRemake.cpp
         CustomEventTimeText.cpp
         CustomGloves.cpp
         CustomItem.cpp
         CustomItemPosition.cpp
         CustomJewel.cpp
         CustomMessage.cpp
         CustomMonster.cpp
         CustomMonsterGlow.cpp
         CustomNpcName.cpp
         CustomPet.cpp
         CustomPetEffect.cpp
         Compilando...
         CustomWing.cpp
         CustomWIngEffect.cpp
         EarthQuake.cpp
     1>EarthQuake.cpp(47): warning C4244: '=' : conversión de 'float' a 'int'; posible pérdida de datos
     1>EarthQuake.cpp(48): warning C4244: '=' : conversión de 'float' a 'int'; posible pérdida de datos
     1>EarthQuake.cpp(49): warning C4244: '=' : conversión de 'float' a 'int'; posible pérdida de datos
         EncryptBMD.cpp
         Fog.cpp
         InfoLog.cpp
         ItemManager.cpp
         ItemTooltip.cpp
         ItemValue.cpp
         LuckyWheel.cpp
         MemScript.cpp
         ModelEffect.cpp
         MonsterEffect.cpp
         MonsterHpBar.cpp
         MultiSelect.cpp
         NoShadow.cpp
         SmokeEffect.cpp
         tooltipbuff.cpp
       ResourceCompile:
         C:\Program Files (x86)\Microsoft SDKs\Windows\v7.0A\bin\rc.exe /l"0x0409" /nologo /fo"PREMIUM\EncryptBMD.res" EncryptBMD.rc 
       Link:
         C:\Program Files (x86)\Microsoft Visual Studio 10.0\VC\bin\link.exe /ERRORREPORT:PROMPT /OUT:"D:\1 DE TODO\SOURCES\SOURCES MAXVOLL\SOURCE_V6\MAIN_INFO\Release\EncryptBMD.exe" /INCREMENTAL:NO /NOLOGO kernel32.lib user32.lib gdi32.lib winspool.lib comdlg32.lib advapi32.lib shell32.lib ole32.lib oleaut32.lib uuid.lib odbc32.lib odbccp32.lib /MANIFEST /ManifestFile:"PREMIUM\EncryptBMD.exe.intermediate.manifest" /MANIFESTUAC:"level='asInvoker' uiAccess='false'" /DEBUG /PDB:"D:\1 DE TODO\SOURCES\SOURCES MAXVOLL\SOURCE_V6\MAIN_INFO\Release\EncryptBMD.pdb" /SUBSYSTEM:CONSOLE /STACK:"4097152","4097152" /OPT:REF /OPT:ICF /LTCG /TLBID:1 /DYNAMICBASE /NXCOMPAT /IMPLIB:"D:\1 DE TODO\SOURCES\SOURCES MAXVOLL\SOURCE_V6\MAIN_INFO\Release\EncryptBMD.lib" /MACHINE:X86 PREMIUM\EncryptBMD.res
         PREMIUM\CCRC32.obj
         PREMIUM\cCPetRenderMesh.obj
         PREMIUM\CSmithItem.obj
         PREMIUM\CustomBuyVip.obj
         PREMIUM\CustomCloak.obj
         PREMIUM\CustomCommandInfo.obj
         PREMIUM\CustomCrossBow.obj
         PREMIUM\CustomEffectDynamic.obj
         PREMIUM\CustomEffectRemake.obj
         PREMIUM\CustomEventTimeText.obj
         PREMIUM\CustomGloves.obj
         PREMIUM\CustomItem.obj
         PREMIUM\CustomItemPosition.obj
         PREMIUM\CustomJewel.obj
         PREMIUM\CustomMessage.obj
         PREMIUM\CustomMonster.obj
         PREMIUM\CustomMonsterGlow.obj
         PREMIUM\CustomNpcName.obj
         PREMIUM\CustomPet.obj
         PREMIUM\CustomPetEffect.obj
         PREMIUM\CustomWing.obj
         PREMIUM\CustomWIngEffect.obj
         PREMIUM\EarthQuake.obj
         PREMIUM\EncryptBMD.obj
         PREMIUM\Fog.obj
         PREMIUM\InfoLog.obj
         PREMIUM\ItemManager.obj
         PREMIUM\ItemTooltip.obj
         PREMIUM\ItemValue.obj
         PREMIUM\LuckyWheel.obj
         PREMIUM\MemScript.obj
         PREMIUM\ModelEffect.obj
         PREMIUM\MonsterEffect.obj
         PREMIUM\MonsterHpBar.obj
         PREMIUM\MultiSelect.obj
         PREMIUM\NoShadow.obj
         PREMIUM\SmokeEffect.obj
         PREMIUM\stdafx.obj
         PREMIUM\tooltipbuff.obj
         Generando código
         Generación de código finalizada
         EncryptBMD.vcxproj -> D:\1 DE TODO\SOURCES\SOURCES MAXVOLL\SOURCE_V6\MAIN_INFO\Release\EncryptBMD.exe
       Manifest:
         C:\Program Files (x86)\Microsoft SDKs\Windows\v7.0A\bin\mt.exe /nologo /verbose /outputresource:"D:\1 DE TODO\SOURCES\SOURCES MAXVOLL\SOURCE_V6\MAIN_INFO\Release\EncryptBMD.exe;#1" /manifest PREMIUM\EncryptBMD.exe.intermediate.manifest
     1>Compilación del proyecto terminada "D:\1 DE TODO\SOURCES\SOURCES MAXVOLL\SOURCE_V6\MAIN_INFO\EncryptBMD\EncryptBMD.vcxproj" (Build destinos).

Compilación correcta.

Tiempo transcurrido 00:00:04.60
